{
  "RSpec": {
    "coverage": {
      "/Users/sullybirashk/turing/1module/enigma/spec/enigma_spec.rb": {
        "lines": [
          1,
          1,
          null,
          null,
          1,
          1,
          4,
          4,
          null,
          null,
          1,
          1,
          null,
          null,
          1,
          1,
          null,
          1,
          null,
          null,
          1,
          1,
          null,
          1,
          null,
          null,
          1,
          1,
          null,
          null,
          null
        ]
      },
      "/Users/sullybirashk/turing/1module/enigma/lib/enigma.rb": {
        "lines": [
          1,
          1,
          1,
          null,
          1,
          1,
          1,
          null,
          null,
          1,
          5,
          null,
          null,
          1,
          1,
          null,
          null,
          null,
          null
        ]
      },
      "/Users/sullybirashk/turing/1module/enigma/lib/encrypt.rb": {
        "lines": [
          1,
          1,
          null,
          1,
          1,
          1,
          null,
          1,
          5,
          5,
          5,
          5,
          5,
          5,
          5,
          5,
          5,
          null,
          null,
          1,
          5,
          null,
          5,
          5,
          5,
          5,
          null,
          5,
          null,
          null,
          1,
          5,
          null,
          5,
          5,
          5,
          5,
          5,
          5,
          5,
          null,
          5,
          5,
          null,
          null,
          1,
          5,
          5,
          5,
          5,
          null,
          null,
          5,
          20,
          14,
          null,
          20,
          null,
          null,
          5,
          null,
          null,
          null,
          1,
          null,
          5,
          null,
          null,
          null,
          null,
          null,
          null,
          null,
          null,
          null,
          null,
          null,
          null,
          null,
          null,
          null,
          null,
          null,
          null,
          null,
          null,
          null,
          null,
          null,
          null,
          null,
          null,
          null,
          null,
          5,
          null,
          5,
          5,
          null,
          5,
          null,
          5,
          null,
          5,
          55,
          55,
          55,
          31,
          31,
          null,
          null,
          55,
          null,
          null,
          5,
          null,
          5,
          5,
          5,
          null,
          5,
          null,
          null,
          null,
          1,
          5,
          5,
          5,
          55,
          15,
          null,
          55,
          55,
          null,
          5,
          null,
          null,
          null,
          null
        ]
      },
      "/Users/sullybirashk/turing/1module/enigma/lib/decrypt.rb": {
        "lines": [
          1,
          null,
          1,
          1,
          1,
          null,
          1,
          1,
          1,
          1,
          1,
          1,
          1,
          1,
          1,
          1,
          null,
          null,
          1,
          1,
          null,
          1,
          1,
          1,
          1,
          null,
          1,
          null,
          null,
          1,
          1,
          null,
          1,
          1,
          1,
          1,
          1,
          1,
          1,
          null,
          1,
          1,
          null,
          null,
          1,
          1,
          1,
          1,
          1,
          null,
          null,
          1,
          4,
          2,
          null,
          4,
          null,
          null,
          1,
          null,
          null,
          null,
          1,
          null,
          1,
          null,
          null,
          null,
          null,
          null,
          null,
          null,
          null,
          null,
          null,
          null,
          null,
          null,
          null,
          null,
          null,
          null,
          null,
          null,
          null,
          null,
          null,
          null,
          null,
          null,
          null,
          null,
          null,
          1,
          null,
          1,
          1,
          null,
          1,
          null,
          1,
          null,
          1,
          11,
          11,
          11,
          0,
          0,
          null,
          11,
          6,
          null,
          11,
          null,
          null,
          1,
          null,
          1,
          1,
          1,
          null,
          1,
          null,
          null,
          null,
          1,
          1,
          1,
          1,
          11,
          3,
          null,
          11,
          11,
          null,
          1,
          null,
          null,
          null,
          null
        ]
      }
    },
    "timestamp": 1642465633
  }
}
