{
  "RSpec": {
    "coverage": {
      "/Users/sullybirashk/turing/1module/enigma/spec/enigma_spec.rb": {
        "lines": [
          1,
          1,
          null,
          null,
          1,
          1,
          6,
          6,
          null,
          null,
          1,
          1,
          null,
          null,
          1,
          1,
          null,
          1,
          null,
          null,
          1,
          1,
          null,
          1,
          null,
          null,
          1,
          1,
          null,
          null,
          1,
          1,
          null,
          null,
          1,
          1,
          null,
          null,
          null
        ]
      },
      "/Users/sullybirashk/turing/1module/enigma/lib/enigma.rb": {
        "lines": [
          1,
          1,
          1,
          null,
          1,
          1,
          1,
          null,
          null,
          1,
          7,
          null,
          null,
          1,
          2,
          null,
          null,
          1,
          1,
          1,
          5,
          null,
          1,
          null,
          null,
          null,
          null
        ]
      },
      "/Users/sullybirashk/turing/1module/enigma/lib/encrypt.rb": {
        "lines": [
          1,
          1,
          null,
          1,
          1,
          1,
          null,
          1,
          7,
          7,
          7,
          7,
          7,
          7,
          7,
          7,
          7,
          null,
          null,
          1,
          7,
          null,
          7,
          7,
          7,
          7,
          null,
          7,
          null,
          null,
          1,
          7,
          null,
          7,
          7,
          7,
          7,
          7,
          7,
          7,
          null,
          7,
          7,
          null,
          null,
          1,
          7,
          7,
          7,
          7,
          null,
          null,
          7,
          28,
          20,
          null,
          28,
          null,
          null,
          7,
          null,
          null,
          null,
          1,
          null,
          7,
          null,
          null,
          null,
          null,
          null,
          null,
          null,
          null,
          null,
          null,
          null,
          null,
          null,
          null,
          null,
          null,
          null,
          null,
          null,
          null,
          null,
          null,
          null,
          null,
          null,
          null,
          null,
          null,
          7,
          null,
          7,
          7,
          null,
          7,
          null,
          7,
          null,
          7,
          77,
          77,
          77,
          43,
          43,
          null,
          null,
          77,
          null,
          null,
          7,
          null,
          7,
          7,
          7,
          null,
          7,
          null,
          null,
          null,
          1,
          7,
          7,
          7,
          77,
          21,
          null,
          77,
          77,
          null,
          7,
          null,
          null,
          null,
          null
        ]
      },
      "/Users/sullybirashk/turing/1module/enigma/lib/decrypt.rb": {
        "lines": [
          1,
          null,
          1,
          1,
          1,
          null,
          1,
          2,
          2,
          2,
          2,
          2,
          2,
          2,
          2,
          2,
          null,
          null,
          1,
          2,
          null,
          2,
          2,
          2,
          2,
          null,
          2,
          null,
          null,
          1,
          2,
          null,
          2,
          2,
          2,
          2,
          2,
          2,
          2,
          null,
          2,
          2,
          null,
          null,
          1,
          2,
          2,
          2,
          2,
          null,
          null,
          2,
          8,
          5,
          null,
          8,
          null,
          null,
          2,
          null,
          null,
          null,
          1,
          null,
          2,
          null,
          null,
          null,
          null,
          null,
          null,
          null,
          null,
          null,
          null,
          null,
          null,
          null,
          null,
          null,
          null,
          null,
          null,
          null,
          null,
          null,
          null,
          null,
          null,
          null,
          null,
          null,
          null,
          2,
          null,
          2,
          2,
          null,
          2,
          null,
          2,
          null,
          2,
          22,
          22,
          22,
          0,
          0,
          null,
          22,
          11,
          null,
          22,
          null,
          null,
          2,
          null,
          2,
          2,
          2,
          null,
          2,
          null,
          null,
          null,
          1,
          2,
          2,
          2,
          22,
          6,
          null,
          22,
          22,
          null,
          2,
          null,
          null,
          null,
          null
        ]
      }
    },
    "timestamp": 1642466044
  }
}
